<?xml version="1.0" encoding="UTF-8"?>
<!-- Generated by org.testng.reporters.JUnitXMLReporter -->
<testsuite ignored="0" hostname="KTLPT1144" failures="0" tests="4" name="Test" time="116.887" errors="0" timestamp="2024-11-26T12:31:46 IST">
  <testcase classname="Automation_mobile_AppiumFramework.eCommerce_tc_04_hybrid" name="FillForm" time="35.893"/>
  <testcase classname="Automation_mobile_AppiumFramework.eCommerce_tc_04_hybrid" name="FillForm" time="28.565"/>
  <testcase classname="Automation_mobile_AppiumFramework.toastMessage" name="incorrectFillForm" time="13.762"/>
  <testcase classname="Automation_mobile_AppiumFramework.toastMessage" name="incorrectFillForm" time="8.02"/>
</testsuite> <!-- Test -->
